0 info it worked if it ends with ok
1 verbose cli [ 'node', '/usr/local/bin/npm', 'install', '-g', 'topojson' ]
2 info using npm@1.4.3
3 info using node@v0.10.26
4 verbose cache add [ 'topojson', null ]
5 verbose cache add name=undefined spec="topojson" args=["topojson",null]
6 verbose parsed url { protocol: null,
6 verbose parsed url   slashes: null,
6 verbose parsed url   auth: null,
6 verbose parsed url   host: null,
6 verbose parsed url   port: null,
6 verbose parsed url   hostname: null,
6 verbose parsed url   hash: null,
6 verbose parsed url   search: null,
6 verbose parsed url   query: null,
6 verbose parsed url   pathname: 'topojson',
6 verbose parsed url   path: 'topojson',
6 verbose parsed url   href: 'topojson' }
7 silly lockFile 947c2103-topojson topojson
8 verbose lock topojson /Users/mollylloyd/.npm/947c2103-topojson.lock
9 silly lockFile 947c2103-topojson topojson
10 silly lockFile 947c2103-topojson topojson
11 verbose addNamed [ 'topojson', '' ]
12 verbose addNamed [ null, '*' ]
13 silly lockFile 7edf76d6-topojson topojson@
14 verbose lock topojson@ /Users/mollylloyd/.npm/7edf76d6-topojson.lock
15 silly addNameRange { name: 'topojson', range: '*', hasData: false }
16 verbose url raw topojson
17 verbose url resolving [ 'https://registry.npmjs.org/', './topojson' ]
18 verbose url resolved https://registry.npmjs.org/topojson
19 info trying registry request attempt 1 at 22:24:35
20 http GET https://registry.npmjs.org/topojson
21 http 200 https://registry.npmjs.org/topojson
22 silly registry.get cb [ 200,
22 silly registry.get   { date: 'Fri, 18 Apr 2014 02:24:36 GMT',
22 silly registry.get     server: 'CouchDB/1.6.0+build.fauxton-91-g5a2864b (Erlang OTP/R14B04)',
22 silly registry.get     etag: '"1ROPG3QNIFZVQZM7JU2S0KAVZ"',
22 silly registry.get     'content-type': 'application/json',
22 silly registry.get     via: '1.1 varnish',
22 silly registry.get     'cache-control': 'max-age=1',
22 silly registry.get     'content-length': '72373',
22 silly registry.get     'accept-ranges': 'bytes',
22 silly registry.get     age: '854',
22 silly registry.get     'x-served-by': 'cache-v37-ASH, cache-jfk1022-JFK',
22 silly registry.get     'x-cache': 'MISS, MISS',
22 silly registry.get     'x-cache-hits': '0, 0',
22 silly registry.get     'x-timer': 'S1397787876.286933661,VS0,VS2,VE82,VE88',
22 silly registry.get     vary: 'Accept',
22 silly registry.get     'keep-alive': 'timeout=10, max=50',
22 silly registry.get     connection: 'Keep-Alive' } ]
23 silly addNameRange number 2 { name: 'topojson', range: '*', hasData: true }
24 silly addNameRange versions [ 'topojson',
24 silly addNameRange   [ '0.0.1',
24 silly addNameRange     '0.0.2',
24 silly addNameRange     '0.0.4',
24 silly addNameRange     '0.0.5',
24 silly addNameRange     '0.0.6',
24 silly addNameRange     '0.0.7',
24 silly addNameRange     '0.0.8',
24 silly addNameRange     '0.0.9',
24 silly addNameRange     '0.0.10',
24 silly addNameRange     '0.0.11',
24 silly addNameRange     '0.0.12',
24 silly addNameRange     '0.0.13',
24 silly addNameRange     '0.0.14',
24 silly addNameRange     '0.0.15',
24 silly addNameRange     '0.0.16',
24 silly addNameRange     '0.0.17',
24 silly addNameRange     '0.0.18',
24 silly addNameRange     '0.0.19',
24 silly addNameRange     '0.0.20',
24 silly addNameRange     '0.0.21',
24 silly addNameRange     '0.0.23',
24 silly addNameRange     '0.0.24',
24 silly addNameRange     '0.0.25',
24 silly addNameRange     '0.0.26',
24 silly addNameRange     '0.0.27',
24 silly addNameRange     '0.0.28',
24 silly addNameRange     '0.0.29',
24 silly addNameRange     '0.0.30',
24 silly addNameRange     '0.0.31',
24 silly addNameRange     '0.0.32',
24 silly addNameRange     '0.0.33',
24 silly addNameRange     '0.0.34',
24 silly addNameRange     '0.0.35',
24 silly addNameRange     '0.0.36',
24 silly addNameRange     '0.0.37',
24 silly addNameRange     '0.0.38',
24 silly addNameRange     '0.0.39',
24 silly addNameRange     '1.0.0',
24 silly addNameRange     '1.1.0',
24 silly addNameRange     '1.1.1',
24 silly addNameRange     '1.1.2',
24 silly addNameRange     '1.1.3',
24 silly addNameRange     '1.1.4',
24 silly addNameRange     '1.1.5',
24 silly addNameRange     '1.1.6',
24 silly addNameRange     '1.2.0',
24 silly addNameRange     '1.2.1',
24 silly addNameRange     '1.2.2',
24 silly addNameRange     '1.2.3',
24 silly addNameRange     '1.3.0',
24 silly addNameRange     '1.4.0',
24 silly addNameRange     '1.4.1',
24 silly addNameRange     '1.4.2',
24 silly addNameRange     '1.4.3',
24 silly addNameRange     '1.4.4',
24 silly addNameRange     '1.4.5',
24 silly addNameRange     '1.4.6',
24 silly addNameRange     '1.4.7',
24 silly addNameRange     '1.4.8',
24 silly addNameRange     '1.4.9',
24 silly addNameRange     '1.5.0',
24 silly addNameRange     '1.5.1',
24 silly addNameRange     '1.5.2',
24 silly addNameRange     '1.5.3',
24 silly addNameRange     '1.5.4',
24 silly addNameRange     '1.6.0',
24 silly addNameRange     '1.6.1',
24 silly addNameRange     '1.6.2',
24 silly addNameRange     '1.6.3',
24 silly addNameRange     '1.6.4',
24 silly addNameRange     '1.6.5',
24 silly addNameRange     '1.6.6',
24 silly addNameRange     '1.6.7',
24 silly addNameRange     '1.6.8' ] ]
25 verbose addNamed [ 'topojson', '1.6.8' ]
26 verbose addNamed [ '1.6.8', '1.6.8' ]
27 silly lockFile aa9d345c-topojson-1-6-8 topojson@1.6.8
28 verbose lock topojson@1.6.8 /Users/mollylloyd/.npm/aa9d345c-topojson-1-6-8.lock
29 silly lockFile 23bc7d50--org-topojson-topojson-1-6-8-tgz https://registry.npmjs.org/topojson/-/topojson-1.6.8.tgz
30 verbose lock https://registry.npmjs.org/topojson/-/topojson-1.6.8.tgz /Users/mollylloyd/.npm/23bc7d50--org-topojson-topojson-1-6-8-tgz.lock
31 verbose addRemoteTarball [ 'https://registry.npmjs.org/topojson/-/topojson-1.6.8.tgz',
31 verbose addRemoteTarball   '7f245c50212aaf69f5e5b06f80c716d66661ff25' ]
32 info retry fetch attempt 1 at 22:24:36
33 verbose fetch to= /var/folders/b7/nnnlh_n51_70_ycxtjzzm0mw0000gn/T/npm-33319-IPWt5s_A/1397787876493-0.2408673819154501/tmp.tgz
34 http GET https://registry.npmjs.org/topojson/-/topojson-1.6.8.tgz
35 http 200 https://registry.npmjs.org/topojson/-/topojson-1.6.8.tgz
36 verbose tar unpack /var/folders/b7/nnnlh_n51_70_ycxtjzzm0mw0000gn/T/npm-33319-IPWt5s_A/1397787876493-0.2408673819154501/tmp.tgz
37 silly lockFile ec982c54-76493-0-2408673819154501-package tar:///var/folders/b7/nnnlh_n51_70_ycxtjzzm0mw0000gn/T/npm-33319-IPWt5s_A/1397787876493-0.2408673819154501/package
38 verbose lock tar:///var/folders/b7/nnnlh_n51_70_ycxtjzzm0mw0000gn/T/npm-33319-IPWt5s_A/1397787876493-0.2408673819154501/package /Users/mollylloyd/.npm/ec982c54-76493-0-2408673819154501-package.lock
39 silly lockFile dbdbbed8-76493-0-2408673819154501-tmp-tgz tar:///var/folders/b7/nnnlh_n51_70_ycxtjzzm0mw0000gn/T/npm-33319-IPWt5s_A/1397787876493-0.2408673819154501/tmp.tgz
40 verbose lock tar:///var/folders/b7/nnnlh_n51_70_ycxtjzzm0mw0000gn/T/npm-33319-IPWt5s_A/1397787876493-0.2408673819154501/tmp.tgz /Users/mollylloyd/.npm/dbdbbed8-76493-0-2408673819154501-tmp-tgz.lock
41 silly gunzTarPerm modes [ '755', '644' ]
42 silly gunzTarPerm extractEntry package.json
43 silly gunzTarPerm extractEntry .npmignore
44 silly gunzTarPerm extractEntry README.md
45 silly gunzTarPerm extractEntry LICENSE
46 silly gunzTarPerm extractEntry topojson.js
47 silly gunzTarPerm extractEntry topojson.min.js
48 silly gunzTarPerm extractEntry index.js
49 silly gunzTarPerm extractEntry examples/README.md
50 silly gunzTarPerm extractEntry examples/us-10m.json
51 silly gunzTarPerm extractEntry examples/world-110m.json
52 silly gunzTarPerm extractEntry examples/world-50m.json
53 silly gunzTarPerm extractEntry bower.json
54 silly gunzTarPerm extractEntry lib/topojson/bind.js
55 silly gunzTarPerm extractEntry lib/topojson/filter.js
56 silly gunzTarPerm extractEntry lib/topojson/geomify.js
57 silly gunzTarPerm extractEntry lib/topojson/merge-properties.js
58 silly gunzTarPerm extractEntry lib/topojson/delta.js
59 silly gunzTarPerm extractEntry lib/topojson/bounds.js
60 silly gunzTarPerm extractEntry lib/topojson/prune.js
61 silly gunzTarPerm extractEntry lib/topojson/quantize.js
62 silly gunzTarPerm extractEntry lib/topojson/scale.js
63 silly gunzTarPerm extractEntry lib/topojson/simplify.js
64 silly gunzTarPerm extractEntry lib/topojson/coordinate-systems.js
65 silly gunzTarPerm extractEntry lib/topojson/spherical.js
66 silly gunzTarPerm extractEntry lib/topojson/compute-id.js
67 silly gunzTarPerm extractEntry lib/topojson/stitch.js
68 silly gunzTarPerm extractEntry lib/topojson/clockwise.js
69 silly gunzTarPerm extractEntry lib/topojson/transform-properties.js
70 silly gunzTarPerm extractEntry lib/topojson/cartesian.js
71 silly gunzTarPerm extractEntry lib/topojson/topology.js
72 silly gunzTarPerm extractEntry lib/topojson/post-quantize.js
73 silly gunzTarPerm extractEntry lib/topojson/type.js
74 silly gunzTarPerm extractEntry lib/topojson/pre-quantize.js
75 silly gunzTarPerm extractEntry lib/topojson/topology/README.md
76 silly gunzTarPerm extractEntry lib/topojson/topology/cut.js
77 silly gunzTarPerm extractEntry lib/topojson/topology/dedup.js
78 silly gunzTarPerm extractEntry lib/topojson/topology/extract.js
79 silly gunzTarPerm extractEntry lib/topojson/topology/hashmap.js
80 silly gunzTarPerm extractEntry lib/topojson/topology/hashset.js
81 silly gunzTarPerm extractEntry lib/topojson/topology/index.js
82 silly gunzTarPerm extractEntry lib/topojson/topology/join.js
83 silly gunzTarPerm extractEntry lib/topojson/topology/point-equal.js
84 silly gunzTarPerm extractEntry lib/topojson/topology/point-hash.js
85 silly gunzTarPerm extractEntry bin/bower
86 silly gunzTarPerm extractEntry bin/package
87 silly gunzTarPerm extractEntry bin/topojson
88 silly gunzTarPerm extractEntry bin/topojson-geojson
89 silly gunzTarPerm extractEntry bin/topojson-group
90 silly gunzTarPerm extractEntry bin/topojson-merge
91 silly gunzTarPerm extractEntry test/assert.js
92 silly gunzTarPerm extractEntry test/filter-test.js
93 silly gunzTarPerm extractEntry test/topology-test.js
94 silly gunzTarPerm extractEntry test/geojson-command-test.js
95 silly gunzTarPerm extractEntry test/feature-test.js
96 silly gunzTarPerm extractEntry test/merge-properties-test.js
97 silly gunzTarPerm extractEntry test/bind-test.js
98 silly gunzTarPerm extractEntry test/mesh-test.js
99 silly gunzTarPerm extractEntry test/neighbors-test.js
100 silly gunzTarPerm extractEntry test/prequantize-test.js
101 silly gunzTarPerm extractEntry test/delta-test.js
102 silly gunzTarPerm extractEntry test/prune-test.js
103 silly gunzTarPerm extractEntry test/compute-id-test.js
104 silly gunzTarPerm extractEntry test/scale-test.js
105 silly gunzTarPerm extractEntry test/clockwise-test.js
106 silly gunzTarPerm extractEntry test/simplify-test.js
107 silly gunzTarPerm extractEntry test/cartesian-ringArea-test.js
108 silly gunzTarPerm extractEntry test/spherical-ringArea-test.js
109 silly gunzTarPerm extractEntry test/bounds-test.js
110 silly gunzTarPerm extractEntry test/topojson-command-test.js
111 silly gunzTarPerm extractEntry test/geomify-test.js
112 silly gunzTarPerm extractEntry test/transform-properties-test.js
113 silly gunzTarPerm extractEntry test/merge-test.js
114 silly gunzTarPerm extractEntry test/topojson/empty-allowed.json
115 silly gunzTarPerm extractEntry test/topojson/empty.json
116 silly gunzTarPerm extractEntry test/topojson/polygon-counterclockwise.json
117 silly gunzTarPerm extractEntry test/topojson/polygon-mercator.json
118 silly gunzTarPerm extractEntry test/topojson/polygon-no-quantization.json
119 silly gunzTarPerm extractEntry test/topojson/polygon.json
120 silly gunzTarPerm extractEntry test/topology/cut-test.js
121 silly gunzTarPerm extractEntry test/topology/dedup-test.js
122 silly gunzTarPerm extractEntry test/topology/extract-test.js
123 silly gunzTarPerm extractEntry test/topology/hashmap-test.js
124 silly gunzTarPerm extractEntry test/topology/hashset-test.js
125 silly gunzTarPerm extractEntry test/topology/index-test.js
126 silly gunzTarPerm extractEntry test/topology/join-test.js
127 silly gunzTarPerm extractEntry test/geojson/empty-multilinestring.json
128 silly gunzTarPerm extractEntry test/geojson/empty-multipoint.json
129 silly gunzTarPerm extractEntry test/geojson/empty-multipolygon.json
130 silly gunzTarPerm extractEntry test/geojson/empty-multipolygon2.json
131 silly gunzTarPerm extractEntry test/geojson/empty-polygon.json
132 silly gunzTarPerm extractEntry test/geojson/polygon-clockwise.json
133 silly gunzTarPerm extractEntry test/geojson/polygon-counterclockwise.json
134 silly gunzTarPerm extractEntry test/geojson/polygon-feature-mercator.json
135 silly gunzTarPerm extractEntry test/geojson/polygon-feature-rounded.json
136 silly gunzTarPerm extractEntry test/geojson/polygon-feature.json
137 silly gunzTarPerm extractEntry topojson-js.zip
138 silly gunzTarPerm extractEntry Makefile
139 silly lockFile ec982c54-76493-0-2408673819154501-package tar:///var/folders/b7/nnnlh_n51_70_ycxtjzzm0mw0000gn/T/npm-33319-IPWt5s_A/1397787876493-0.2408673819154501/package
140 silly lockFile ec982c54-76493-0-2408673819154501-package tar:///var/folders/b7/nnnlh_n51_70_ycxtjzzm0mw0000gn/T/npm-33319-IPWt5s_A/1397787876493-0.2408673819154501/package
141 silly lockFile dbdbbed8-76493-0-2408673819154501-tmp-tgz tar:///var/folders/b7/nnnlh_n51_70_ycxtjzzm0mw0000gn/T/npm-33319-IPWt5s_A/1397787876493-0.2408673819154501/tmp.tgz
142 silly lockFile dbdbbed8-76493-0-2408673819154501-tmp-tgz tar:///var/folders/b7/nnnlh_n51_70_ycxtjzzm0mw0000gn/T/npm-33319-IPWt5s_A/1397787876493-0.2408673819154501/tmp.tgz
143 verbose tar pack [ '/Users/mollylloyd/.npm/topojson/1.6.8/package.tgz',
143 verbose tar pack   '/var/folders/b7/nnnlh_n51_70_ycxtjzzm0mw0000gn/T/npm-33319-IPWt5s_A/1397787876493-0.2408673819154501/package' ]
144 verbose tarball /Users/mollylloyd/.npm/topojson/1.6.8/package.tgz
145 verbose folder /var/folders/b7/nnnlh_n51_70_ycxtjzzm0mw0000gn/T/npm-33319-IPWt5s_A/1397787876493-0.2408673819154501/package
146 silly lockFile ec982c54-76493-0-2408673819154501-package tar:///var/folders/b7/nnnlh_n51_70_ycxtjzzm0mw0000gn/T/npm-33319-IPWt5s_A/1397787876493-0.2408673819154501/package
147 verbose lock tar:///var/folders/b7/nnnlh_n51_70_ycxtjzzm0mw0000gn/T/npm-33319-IPWt5s_A/1397787876493-0.2408673819154501/package /Users/mollylloyd/.npm/ec982c54-76493-0-2408673819154501-package.lock
148 silly lockFile 3cc2b676-d-npm-topojson-1-6-8-package-tgz tar:///Users/mollylloyd/.npm/topojson/1.6.8/package.tgz
149 verbose lock tar:///Users/mollylloyd/.npm/topojson/1.6.8/package.tgz /Users/mollylloyd/.npm/3cc2b676-d-npm-topojson-1-6-8-package-tgz.lock
150 silly lockFile ec982c54-76493-0-2408673819154501-package tar:///var/folders/b7/nnnlh_n51_70_ycxtjzzm0mw0000gn/T/npm-33319-IPWt5s_A/1397787876493-0.2408673819154501/package
151 silly lockFile ec982c54-76493-0-2408673819154501-package tar:///var/folders/b7/nnnlh_n51_70_ycxtjzzm0mw0000gn/T/npm-33319-IPWt5s_A/1397787876493-0.2408673819154501/package
152 silly lockFile 3cc2b676-d-npm-topojson-1-6-8-package-tgz tar:///Users/mollylloyd/.npm/topojson/1.6.8/package.tgz
153 silly lockFile 3cc2b676-d-npm-topojson-1-6-8-package-tgz tar:///Users/mollylloyd/.npm/topojson/1.6.8/package.tgz
154 silly lockFile 2618ae98-lloyd-npm-topojson-1-6-8-package /Users/mollylloyd/.npm/topojson/1.6.8/package
155 verbose lock /Users/mollylloyd/.npm/topojson/1.6.8/package /Users/mollylloyd/.npm/2618ae98-lloyd-npm-topojson-1-6-8-package.lock
156 silly lockFile 2618ae98-lloyd-npm-topojson-1-6-8-package /Users/mollylloyd/.npm/topojson/1.6.8/package
157 silly lockFile 2618ae98-lloyd-npm-topojson-1-6-8-package /Users/mollylloyd/.npm/topojson/1.6.8/package
158 verbose tar unpack /Users/mollylloyd/.npm/topojson/1.6.8/package.tgz
159 silly lockFile d64a0ca3-lloyd-npm-topojson-1-6-8-package tar:///Users/mollylloyd/.npm/topojson/1.6.8/package
160 verbose lock tar:///Users/mollylloyd/.npm/topojson/1.6.8/package /Users/mollylloyd/.npm/d64a0ca3-lloyd-npm-topojson-1-6-8-package.lock
161 silly lockFile 3cc2b676-d-npm-topojson-1-6-8-package-tgz tar:///Users/mollylloyd/.npm/topojson/1.6.8/package.tgz
162 verbose lock tar:///Users/mollylloyd/.npm/topojson/1.6.8/package.tgz /Users/mollylloyd/.npm/3cc2b676-d-npm-topojson-1-6-8-package-tgz.lock
163 silly gunzTarPerm modes [ '755', '644' ]
164 silly gunzTarPerm extractEntry package.json
165 silly gunzTarPerm extractEntry .npmignore
166 silly gunzTarPerm extractEntry README.md
167 silly gunzTarPerm extractEntry LICENSE
168 silly gunzTarPerm extractEntry topojson.js
169 silly gunzTarPerm extractEntry topojson.min.js
170 silly gunzTarPerm extractEntry index.js
171 silly gunzTarPerm extractEntry examples/README.md
172 silly gunzTarPerm extractEntry examples/us-10m.json
173 silly gunzTarPerm extractEntry examples/world-110m.json
174 silly gunzTarPerm extractEntry examples/world-50m.json
175 silly gunzTarPerm extractEntry bower.json
176 silly gunzTarPerm extractEntry lib/topojson/bind.js
177 silly gunzTarPerm extractEntry lib/topojson/filter.js
178 silly gunzTarPerm extractEntry lib/topojson/geomify.js
179 silly gunzTarPerm extractEntry lib/topojson/merge-properties.js
180 silly gunzTarPerm extractEntry lib/topojson/delta.js
181 silly gunzTarPerm extractEntry lib/topojson/bounds.js
182 silly gunzTarPerm extractEntry lib/topojson/prune.js
183 silly gunzTarPerm extractEntry lib/topojson/quantize.js
184 silly gunzTarPerm extractEntry lib/topojson/scale.js
185 silly gunzTarPerm extractEntry lib/topojson/simplify.js
186 silly gunzTarPerm extractEntry lib/topojson/coordinate-systems.js
187 silly gunzTarPerm extractEntry lib/topojson/spherical.js
188 silly gunzTarPerm extractEntry lib/topojson/compute-id.js
189 silly gunzTarPerm extractEntry lib/topojson/stitch.js
190 silly gunzTarPerm extractEntry lib/topojson/clockwise.js
191 silly gunzTarPerm extractEntry lib/topojson/transform-properties.js
192 silly gunzTarPerm extractEntry lib/topojson/cartesian.js
193 silly gunzTarPerm extractEntry lib/topojson/topology.js
194 silly gunzTarPerm extractEntry lib/topojson/post-quantize.js
195 silly gunzTarPerm extractEntry lib/topojson/type.js
196 silly gunzTarPerm extractEntry lib/topojson/pre-quantize.js
197 silly gunzTarPerm extractEntry lib/topojson/topology/README.md
198 silly gunzTarPerm extractEntry lib/topojson/topology/cut.js
199 silly gunzTarPerm extractEntry lib/topojson/topology/dedup.js
200 silly gunzTarPerm extractEntry lib/topojson/topology/extract.js
201 silly gunzTarPerm extractEntry lib/topojson/topology/hashmap.js
202 silly gunzTarPerm extractEntry lib/topojson/topology/hashset.js
203 silly gunzTarPerm extractEntry lib/topojson/topology/index.js
204 silly gunzTarPerm extractEntry lib/topojson/topology/join.js
205 silly gunzTarPerm extractEntry lib/topojson/topology/point-equal.js
206 silly gunzTarPerm extractEntry lib/topojson/topology/point-hash.js
207 silly gunzTarPerm extractEntry bin/bower
208 silly gunzTarPerm extractEntry bin/package
209 silly gunzTarPerm extractEntry bin/topojson
210 silly gunzTarPerm extractEntry bin/topojson-geojson
211 silly gunzTarPerm extractEntry bin/topojson-group
212 silly gunzTarPerm extractEntry bin/topojson-merge
213 silly gunzTarPerm extractEntry test/assert.js
214 silly gunzTarPerm extractEntry test/filter-test.js
215 silly gunzTarPerm extractEntry test/topology-test.js
216 silly gunzTarPerm extractEntry test/geojson-command-test.js
217 silly gunzTarPerm extractEntry test/feature-test.js
218 silly gunzTarPerm extractEntry test/merge-properties-test.js
219 silly gunzTarPerm extractEntry test/bind-test.js
220 silly gunzTarPerm extractEntry test/mesh-test.js
221 silly gunzTarPerm extractEntry test/neighbors-test.js
222 silly gunzTarPerm extractEntry test/prequantize-test.js
223 silly gunzTarPerm extractEntry test/delta-test.js
224 silly gunzTarPerm extractEntry test/prune-test.js
225 silly gunzTarPerm extractEntry test/compute-id-test.js
226 silly gunzTarPerm extractEntry test/scale-test.js
227 silly gunzTarPerm extractEntry test/clockwise-test.js
228 silly gunzTarPerm extractEntry test/simplify-test.js
229 silly gunzTarPerm extractEntry test/cartesian-ringArea-test.js
230 silly gunzTarPerm extractEntry test/spherical-ringArea-test.js
231 silly gunzTarPerm extractEntry test/bounds-test.js
232 silly gunzTarPerm extractEntry test/topojson-command-test.js
233 silly gunzTarPerm extractEntry test/geomify-test.js
234 silly gunzTarPerm extractEntry test/transform-properties-test.js
235 silly gunzTarPerm extractEntry test/merge-test.js
236 silly gunzTarPerm extractEntry test/topojson/empty-allowed.json
237 silly gunzTarPerm extractEntry test/topojson/empty.json
238 silly gunzTarPerm extractEntry test/topojson/polygon-counterclockwise.json
239 silly gunzTarPerm extractEntry test/topojson/polygon-mercator.json
240 silly gunzTarPerm extractEntry test/topojson/polygon-no-quantization.json
241 silly gunzTarPerm extractEntry test/topojson/polygon.json
242 silly gunzTarPerm extractEntry test/topology/cut-test.js
243 silly gunzTarPerm extractEntry test/topology/dedup-test.js
244 silly gunzTarPerm extractEntry test/topology/extract-test.js
245 silly gunzTarPerm extractEntry test/topology/hashmap-test.js
246 silly gunzTarPerm extractEntry test/topology/hashset-test.js
247 silly gunzTarPerm extractEntry test/topology/index-test.js
248 silly gunzTarPerm extractEntry test/topology/join-test.js
249 silly gunzTarPerm extractEntry test/geojson/empty-multilinestring.json
250 silly gunzTarPerm extractEntry test/geojson/empty-multipoint.json
251 silly gunzTarPerm extractEntry test/geojson/empty-multipolygon.json
252 silly gunzTarPerm extractEntry test/geojson/empty-multipolygon2.json
253 silly gunzTarPerm extractEntry test/geojson/empty-polygon.json
254 silly gunzTarPerm extractEntry test/geojson/polygon-clockwise.json
255 silly gunzTarPerm extractEntry test/geojson/polygon-counterclockwise.json
256 silly gunzTarPerm extractEntry test/geojson/polygon-feature-mercator.json
257 silly gunzTarPerm extractEntry test/geojson/polygon-feature-rounded.json
258 silly gunzTarPerm extractEntry test/geojson/polygon-feature.json
259 silly gunzTarPerm extractEntry topojson-js.zip
260 silly gunzTarPerm extractEntry Makefile
261 silly lockFile d64a0ca3-lloyd-npm-topojson-1-6-8-package tar:///Users/mollylloyd/.npm/topojson/1.6.8/package
262 silly lockFile d64a0ca3-lloyd-npm-topojson-1-6-8-package tar:///Users/mollylloyd/.npm/topojson/1.6.8/package
263 silly lockFile 3cc2b676-d-npm-topojson-1-6-8-package-tgz tar:///Users/mollylloyd/.npm/topojson/1.6.8/package.tgz
264 silly lockFile 3cc2b676-d-npm-topojson-1-6-8-package-tgz tar:///Users/mollylloyd/.npm/topojson/1.6.8/package.tgz
265 verbose chmod /Users/mollylloyd/.npm/topojson/1.6.8/package.tgz 644
266 verbose chown /Users/mollylloyd/.npm/topojson/1.6.8/package.tgz [ 501, 20 ]
267 silly lockFile 23bc7d50--org-topojson-topojson-1-6-8-tgz https://registry.npmjs.org/topojson/-/topojson-1.6.8.tgz
268 silly lockFile 23bc7d50--org-topojson-topojson-1-6-8-tgz https://registry.npmjs.org/topojson/-/topojson-1.6.8.tgz
269 silly lockFile aa9d345c-topojson-1-6-8 topojson@1.6.8
270 silly lockFile aa9d345c-topojson-1-6-8 topojson@1.6.8
271 silly lockFile 7edf76d6-topojson topojson@
272 silly lockFile 7edf76d6-topojson topojson@
273 silly resolved [ { name: 'topojson',
273 silly resolved     version: '1.6.8',
273 silly resolved     description: 'An extension to GeoJSON that encodes topology.',
273 silly resolved     keywords: [ 'geojson', 'shapefile' ],
273 silly resolved     author: { name: 'Mike Bostock', url: 'http://bost.ocks.org/mike' },
273 silly resolved     repository: { type: 'git', url: 'https://github.com/mbostock/topojson.git' },
273 silly resolved     main: 'index.js',
273 silly resolved     dependencies:
273 silly resolved      { d3: '3',
273 silly resolved        'd3-geo-projection': '0.2',
273 silly resolved        optimist: '0.3',
273 silly resolved        'queue-async': '1.0',
273 silly resolved        rw: '>=0.0.4 <0.1',
273 silly resolved        shapefile: '0.3' },
273 silly resolved     devDependencies:
273 silly resolved      { vows: '0.7',
273 silly resolved        'uglify-js': '2',
273 silly resolved        'us-atlas': '0.0',
273 silly resolved        'world-atlas': '0.0' },
273 silly resolved     bin:
273 silly resolved      { topojson: './bin/topojson',
273 silly resolved        'topojson-geojson': './bin/topojson-geojson',
273 silly resolved        'topojson-group': './bin/topojson-group',
273 silly resolved        'topojson-merge': './bin/topojson-merge' },
273 silly resolved     scripts: { test: 'vows; echo' },
273 silly resolved     readme: '# TopoJSON\n\n**TopoJSON** is an extension of GeoJSON that encodes topology. Rather than representing geometries discretely, geometries in TopoJSON files are stitched together from shared line segments called *arcs*. TopoJSON eliminates redundancy, offering much more compact representations of geometry than with GeoJSON; typical TopoJSON files are 80% smaller than their GeoJSON equivalents. In addition, TopoJSON facilitates applications that use topology, such as [topology-preserving shape simplification](http://bost.ocks.org/mike/simplify/), [automatic map coloring](http://bl.ocks.org/4188334), and [cartograms](http://prag.ma/code/d3-cartogram/).\n\nWant to learn more? [See the wiki.](https://github.com/mbostock/topojson/wiki)\n',
273 silly resolved     readmeFilename: 'README.md',
273 silly resolved     bugs: { url: 'https://github.com/mbostock/topojson/issues' },
273 silly resolved     homepage: 'https://github.com/mbostock/topojson',
273 silly resolved     _id: 'topojson@1.6.8',
273 silly resolved     dist: { shasum: '7f245c50212aaf69f5e5b06f80c716d66661ff25' },
273 silly resolved     _from: 'topojson@',
273 silly resolved     _resolved: 'https://registry.npmjs.org/topojson/-/topojson-1.6.8.tgz' } ]
274 info install topojson@1.6.8 into /usr/local/lib
275 info installOne topojson@1.6.8
276 info /usr/local/lib/node_modules/topojson unbuild
277 verbose tar unpack /Users/mollylloyd/.npm/topojson/1.6.8/package.tgz
278 silly lockFile 48c3cdf9--local-lib-node-modules-topojson tar:///usr/local/lib/node_modules/topojson
279 verbose lock tar:///usr/local/lib/node_modules/topojson /Users/mollylloyd/.npm/48c3cdf9--local-lib-node-modules-topojson.lock
280 silly lockFile 3cc2b676-d-npm-topojson-1-6-8-package-tgz tar:///Users/mollylloyd/.npm/topojson/1.6.8/package.tgz
281 verbose lock tar:///Users/mollylloyd/.npm/topojson/1.6.8/package.tgz /Users/mollylloyd/.npm/3cc2b676-d-npm-topojson-1-6-8-package-tgz.lock
282 silly gunzTarPerm modes [ '755', '644' ]
283 error Error: EACCES, mkdir '/usr/local/lib/node_modules/topojson'
283 error  { [Error: EACCES, mkdir '/usr/local/lib/node_modules/topojson']
283 error   errno: 3,
283 error   code: 'EACCES',
283 error   path: '/usr/local/lib/node_modules/topojson',
283 error   fstream_type: 'Directory',
283 error   fstream_path: '/usr/local/lib/node_modules/topojson',
283 error   fstream_class: 'DirWriter',
283 error   fstream_stack:
283 error    [ '/usr/local/lib/node_modules/npm/node_modules/fstream/lib/dir-writer.js:36:23',
283 error      '/usr/local/lib/node_modules/npm/node_modules/mkdirp/index.js:37:53',
283 error      'Object.oncomplete (fs.js:107:15)' ] }
284 error Please try running this command again as root/Administrator.
285 error System Darwin 13.1.0
286 error command "node" "/usr/local/bin/npm" "install" "-g" "topojson"
287 error cwd /Users/mollylloyd/Documents/cs171/final-project/projectFiles1
288 error node -v v0.10.26
289 error npm -v 1.4.3
290 error path /usr/local/lib/node_modules/topojson
291 error fstream_path /usr/local/lib/node_modules/topojson
292 error fstream_type Directory
293 error fstream_class DirWriter
294 error code EACCES
295 error errno 3
296 error stack Error: EACCES, mkdir '/usr/local/lib/node_modules/topojson'
297 error fstream_stack /usr/local/lib/node_modules/npm/node_modules/fstream/lib/dir-writer.js:36:23
297 error fstream_stack /usr/local/lib/node_modules/npm/node_modules/mkdirp/index.js:37:53
297 error fstream_stack Object.oncomplete (fs.js:107:15)
298 verbose exit [ 3, true ]
